[Invisible Captcha] Potential spam detected for IP 172.22.0.1. Timestamp not found in session.
  Rendered layout layouts/mailer.html.haml (Duration: 20.0ms | Allocations: 26291)
  Rendered layout layouts/mailer.text.erb (Duration: 2.1ms | Allocations: 1030)
Delivered mail 671dc3f915418_1a279ea083729@gitlab.jmccracken.ca.mail (4.9ms)
  Rendered layout layouts/mailer.html.haml (Duration: 3.6ms | Allocations: 1230)
  Rendered layout layouts/mailer.text.erb (Duration: 0.9ms | Allocations: 470)
Delivered mail 671dc413c48ce_1a279d608397a@gitlab.jmccracken.ca.mail (3.6ms)
  Rendered layout layouts/mailer.html.haml (Duration: 4.9ms | Allocations: 1118)
  Rendered layout layouts/mailer.text.erb (Duration: 0.8ms | Allocations: 463)
Delivered mail 671dc42c3c3fd_1a279cac8412c@gitlab.jmccracken.ca.mail (4.6ms)
  Rendered layout layouts/mailer.html.haml (Duration: 3.1ms | Allocations: 1118)
  Rendered layout layouts/mailer.text.erb (Duration: 1.0ms | Allocations: 463)
Delivered mail 671dc462ccff8_1a279d4c843e0@gitlab.jmccracken.ca.mail (3.6ms)
  Rendered layout layouts/mailer/devise.html.haml (Duration: 10.5ms | Allocations: 10709)
Delivered mail 671dc6e6f0b8b_1a279d8884597@gitlab.jmccracken.ca.mail (3.7ms)
  Rendered layout layouts/mailer/devise.html.haml (Duration: 1.8ms | Allocations: 996)
Delivered mail 671dc6fdbf84d_1a279ef084713@gitlab.jmccracken.ca.mail (3.4ms)
  Rendered layout layouts/mailer/devise.html.haml (Duration: 5.6ms | Allocations: 4218)
Delivered mail 671dc71521a7d_1a27a9e08497b@gitlab.jmccracken.ca.mail (3.7ms)
  Rendered layout layouts/mailer/devise.html.haml (Duration: 2.0ms | Allocations: 889)
Delivered mail 671dc71eaa202_1a27aa4485181@gitlab.jmccracken.ca.mail (3.4ms)
  Rendered layout layouts/mailer/devise.html.haml (Duration: 11.0ms | Allocations: 885)
Delivered mail 671dc72fa4d79_1a279d9c85347@gitlab.jmccracken.ca.mail (3.9ms)
  Rendered layout layouts/mailer/devise.html.haml (Duration: 1.9ms | Allocations: 888)
Delivered mail 671dc743595ac_1a279f54855a9@gitlab.jmccracken.ca.mail (3.9ms)
  Rendered layout layouts/mailer/devise.html.haml (Duration: 2.0ms | Allocations: 884)
Delivered mail 671dc750f31a7_1a27ab5c85752@gitlab.jmccracken.ca.mail (3.3ms)
  Rendered layout layouts/mailer/devise.html.haml (Duration: 1.9ms | Allocations: 886)
Delivered mail 671dc771ea036_1a279ce8859ef@gitlab.jmccracken.ca.mail (3.5ms)
